2025-08-01 10:13:22 error: [Cake\Core\Exception\MissingPluginException] Plugin Admin could not be found. in /var/www/html/vendor/cakephp/cakephp/src/Core/PluginCollection.php on line 143
Exception Attributes: array (
  'plugin' => 'Admin',
)
Stack Trace:
- /var/www/html/vendor/cakephp/cakephp/src/Core/PluginCollection.php:257
- /var/www/html/vendor/cakephp/cakephp/src/Http/BaseApplication.php:129
- /var/www/html/src/Application.php:60
- /var/www/html/vendor/cakephp/cakephp/src/Http/Server.php:109
- /var/www/html/vendor/cakephp/cakephp/src/Http/Server.php:79
- /var/www/html/webroot/index.php:34

2025-08-01 10:13:23 error: [Cake\Error\FatalErrorException] Fatal Error: Uncaught Cake\Error\FatalErrorException: [Cake\View\Exception\MissingTemplateException] Template file `Error/error500.php` could not be found.

The following paths were searched:

- `/var/www/html/templates/Error/error500.php`
- `/var/www/html/vendor/cakephp/cakephp/templates/Error/error500.php`
 (/var/www/html/vendor/cakephp/cakephp/src/View/View.php:1398) in /var/www/html/vendor/cakephp/cakephp/src/Error/ExceptionTrap.php:390
Stack trace:
#0 [internal function]: Cake\Error\ErrorTrap->handleError(256, '[Cake\\View\\Exce...', '/var/www/html/v...', 390)
#1 /var/www/html/vendor/cakephp/cakephp/src/Error/ExceptionTrap.php(390): trigger_error('[Cake\\View\\Exce...', 256)
#2 /var/www/html/vendor/cakephp/cakephp/src/Error/ExceptionTrap.php(243): Cake\Error\ExceptionTrap->logInternalError(Object(Cake\View\Exception\MissingTemplateException))
#3 [internal function]: Cake\Error\ExceptionTrap->handleException(Object(Cake\View\Exception\MissingTemplateException))
#4 {main}
  thrown in /var/www/html/vendor/cakephp/cakephp/src/Error/ExceptionTrap.php on line 390
Stack Trace:
- /var/www/html/vendor/cakephp/cakephp/src/Error/ExceptionTrap.php:283
- [internal]:??

2025-08-01 10:14:54 error: [Cake\Core\Exception\MissingPluginException] Plugin Admin could not be found. in /var/www/html/vendor/cakephp/cakephp/src/Core/PluginCollection.php on line 143
Exception Attributes: array (
  'plugin' => 'Admin',
)
Stack Trace:
- /var/www/html/vendor/cakephp/cakephp/src/Core/PluginCollection.php:257
- /var/www/html/vendor/cakephp/cakephp/src/Http/BaseApplication.php:129
- /var/www/html/src/Application.php:60
- /var/www/html/vendor/cakephp/cakephp/src/Http/Server.php:109
- /var/www/html/vendor/cakephp/cakephp/src/Http/Server.php:79
- /var/www/html/webroot/index.php:34

2025-08-01 10:14:55 error: [Cake\Error\FatalErrorException] Fatal Error: Uncaught Cake\Error\FatalErrorException: [Cake\View\Exception\MissingTemplateException] Template file `Error/error500.php` could not be found.

The following paths were searched:

- `/var/www/html/templates/Error/error500.php`
- `/var/www/html/vendor/cakephp/cakephp/templates/Error/error500.php`
 (/var/www/html/vendor/cakephp/cakephp/src/View/View.php:1398) in /var/www/html/vendor/cakephp/cakephp/src/Error/ExceptionTrap.php:390
Stack trace:
#0 [internal function]: Cake\Error\ErrorTrap->handleError(256, '[Cake\\View\\Exce...', '/var/www/html/v...', 390)
#1 /var/www/html/vendor/cakephp/cakephp/src/Error/ExceptionTrap.php(390): trigger_error('[Cake\\View\\Exce...', 256)
#2 /var/www/html/vendor/cakephp/cakephp/src/Error/ExceptionTrap.php(243): Cake\Error\ExceptionTrap->logInternalError(Object(Cake\View\Exception\MissingTemplateException))
#3 [internal function]: Cake\Error\ExceptionTrap->handleException(Object(Cake\View\Exception\MissingTemplateException))
#4 {main}
  thrown in /var/www/html/vendor/cakephp/cakephp/src/Error/ExceptionTrap.php on line 390
Stack Trace:
- /var/www/html/vendor/cakephp/cakephp/src/Error/ExceptionTrap.php:283
- [internal]:??

2025-08-01 10:28:31 error: [Cake\Core\Exception\MissingPluginException] Plugin Admin could not be found. in /var/www/html/vendor/cakephp/cakephp/src/Core/PluginCollection.php on line 143
Exception Attributes: array (
  'plugin' => 'Admin',
)
Stack Trace:
- /var/www/html/vendor/cakephp/cakephp/src/Core/PluginCollection.php:257
- /var/www/html/vendor/cakephp/cakephp/src/Http/BaseApplication.php:129
- /var/www/html/src/Application.php:60
- /var/www/html/vendor/cakephp/cakephp/src/Http/Server.php:109
- /var/www/html/vendor/cakephp/cakephp/src/Http/Server.php:79
- /var/www/html/webroot/index.php:34

2025-08-01 10:28:32 error: [Cake\Error\FatalErrorException] Fatal Error: Uncaught Cake\Error\FatalErrorException: [Error] Undefined constant "App\Model\Table\LANGUAGE" (/var/www/html/src/Model/Table/LinksTable.php:116) in /var/www/html/vendor/cakephp/cakephp/src/Error/ExceptionTrap.php:390
Stack trace:
#0 [internal function]: Cake\Error\ErrorTrap->handleError(256, '[Error] Undefin...', '/var/www/html/v...', 390)
#1 /var/www/html/vendor/cakephp/cakephp/src/Error/ExceptionTrap.php(390): trigger_error('[Error] Undefin...', 256)
#2 /var/www/html/vendor/cakephp/cakephp/src/Error/ExceptionTrap.php(243): Cake\Error\ExceptionTrap->logInternalError(Object(Error))
#3 [internal function]: Cake\Error\ExceptionTrap->handleException(Object(Error))
#4 {main}
  thrown in /var/www/html/vendor/cakephp/cakephp/src/Error/ExceptionTrap.php on line 390
Stack Trace:
- /var/www/html/vendor/cakephp/cakephp/src/Error/ExceptionTrap.php:283
- [internal]:??

2025-08-01 10:34:37 error: [Cake\Core\Exception\MissingPluginException] Plugin Admin could not be found. in /var/www/html/vendor/cakephp/cakephp/src/Core/PluginCollection.php on line 143
Exception Attributes: array (
  'plugin' => 'Admin',
)
Stack Trace:
- /var/www/html/vendor/cakephp/cakephp/src/Core/PluginCollection.php:257
- /var/www/html/vendor/cakephp/cakephp/src/Http/BaseApplication.php:129
- /var/www/html/src/Application.php:60
- /var/www/html/vendor/cakephp/cakephp/src/Http/Server.php:109
- /var/www/html/vendor/cakephp/cakephp/src/Http/Server.php:79
- /var/www/html/webroot/index.php:34

2025-08-01 10:34:38 error: [Cake\Error\FatalErrorException] Fatal Error: Uncaught Cake\Error\FatalErrorException: [Error] Undefined constant "App\Model\Table\LANGUAGE" (/var/www/html/src/Model/Table/LinksTable.php:116) in /var/www/html/vendor/cakephp/cakephp/src/Error/ExceptionTrap.php:390
Stack trace:
#0 [internal function]: Cake\Error\ErrorTrap->handleError(256, '[Error] Undefin...', '/var/www/html/v...', 390)
#1 /var/www/html/vendor/cakephp/cakephp/src/Error/ExceptionTrap.php(390): trigger_error('[Error] Undefin...', 256)
#2 /var/www/html/vendor/cakephp/cakephp/src/Error/ExceptionTrap.php(243): Cake\Error\ExceptionTrap->logInternalError(Object(Error))
#3 [internal function]: Cake\Error\ExceptionTrap->handleException(Object(Error))
#4 {main}
  thrown in /var/www/html/vendor/cakephp/cakephp/src/Error/ExceptionTrap.php on line 390
Stack Trace:
- /var/www/html/vendor/cakephp/cakephp/src/Error/ExceptionTrap.php:283
- [internal]:??

2025-08-01 10:34:43 error: [Cake\Core\Exception\MissingPluginException] Plugin Admin could not be found. in /var/www/html/vendor/cakephp/cakephp/src/Core/PluginCollection.php on line 143
Exception Attributes: array (
  'plugin' => 'Admin',
)
Stack Trace:
- /var/www/html/vendor/cakephp/cakephp/src/Core/PluginCollection.php:257
- /var/www/html/vendor/cakephp/cakephp/src/Http/BaseApplication.php:129
- /var/www/html/src/Application.php:60
- /var/www/html/vendor/cakephp/cakephp/src/Http/Server.php:109
- /var/www/html/vendor/cakephp/cakephp/src/Http/Server.php:79
- /var/www/html/webroot/index.php:34

2025-08-01 10:34:44 error: [Cake\Error\FatalErrorException] Fatal Error: Uncaught Cake\Error\FatalErrorException: [Error] Undefined constant "App\Model\Table\LANGUAGE" (/var/www/html/src/Model/Table/LinksTable.php:116) in /var/www/html/vendor/cakephp/cakephp/src/Error/ExceptionTrap.php:390
Stack trace:
#0 [internal function]: Cake\Error\ErrorTrap->handleError(256, '[Error] Undefin...', '/var/www/html/v...', 390)
#1 /var/www/html/vendor/cakephp/cakephp/src/Error/ExceptionTrap.php(390): trigger_error('[Error] Undefin...', 256)
#2 /var/www/html/vendor/cakephp/cakephp/src/Error/ExceptionTrap.php(243): Cake\Error\ExceptionTrap->logInternalError(Object(Error))
#3 [internal function]: Cake\Error\ExceptionTrap->handleException(Object(Error))
#4 {main}
  thrown in /var/www/html/vendor/cakephp/cakephp/src/Error/ExceptionTrap.php on line 390
Stack Trace:
- /var/www/html/vendor/cakephp/cakephp/src/Error/ExceptionTrap.php:283
- [internal]:??

2025-08-01 10:38:18 error: [Cake\Core\Exception\MissingPluginException] Plugin Admin could not be found. in /var/www/html/vendor/cakephp/cakephp/src/Core/PluginCollection.php on line 143
Exception Attributes: array (
  'plugin' => 'Admin',
)
Stack Trace:
- /var/www/html/vendor/cakephp/cakephp/src/Core/PluginCollection.php:257
- /var/www/html/vendor/cakephp/cakephp/src/Http/BaseApplication.php:129
- /var/www/html/src/Application.php:60
- /var/www/html/vendor/cakephp/cakephp/src/Http/Server.php:109
- /var/www/html/vendor/cakephp/cakephp/src/Http/Server.php:79
- /var/www/html/webroot/index.php:34

2025-08-01 10:38:19 error: [Cake\Error\FatalErrorException] Fatal Error: Uncaught Cake\Error\FatalErrorException: [Error] Undefined constant "App\Model\Table\LANGUAGE" (/var/www/html/src/Model/Table/LinksTable.php:116) in /var/www/html/vendor/cakephp/cakephp/src/Error/ExceptionTrap.php:390
Stack trace:
#0 [internal function]: Cake\Error\ErrorTrap->handleError(256, '[Error] Undefin...', '/var/www/html/v...', 390)
#1 /var/www/html/vendor/cakephp/cakephp/src/Error/ExceptionTrap.php(390): trigger_error('[Error] Undefin...', 256)
#2 /var/www/html/vendor/cakephp/cakephp/src/Error/ExceptionTrap.php(243): Cake\Error\ExceptionTrap->logInternalError(Object(Error))
#3 [internal function]: Cake\Error\ExceptionTrap->handleException(Object(Error))
#4 {main}
  thrown in /var/www/html/vendor/cakephp/cakephp/src/Error/ExceptionTrap.php on line 390
Stack Trace:
- /var/www/html/vendor/cakephp/cakephp/src/Error/ExceptionTrap.php:283
- [internal]:??

2025-08-01 10:38:30 error: [Cake\Core\Exception\MissingPluginException] Plugin Admin could not be found. in /var/www/html/vendor/cakephp/cakephp/src/Core/PluginCollection.php on line 143
Exception Attributes: array (
  'plugin' => 'Admin',
)
Stack Trace:
- /var/www/html/vendor/cakephp/cakephp/src/Core/PluginCollection.php:257
- /var/www/html/vendor/cakephp/cakephp/src/Http/BaseApplication.php:129
- /var/www/html/src/Application.php:60
- /var/www/html/vendor/cakephp/cakephp/src/Http/Server.php:109
- /var/www/html/vendor/cakephp/cakephp/src/Http/Server.php:79
- /var/www/html/webroot/index.php:34

2025-08-01 10:38:32 error: [Cake\Error\FatalErrorException] Fatal Error: Uncaught Cake\Error\FatalErrorException: [Error] Undefined constant "App\Model\Table\LANGUAGE" (/var/www/html/src/Model/Table/LinksTable.php:116) in /var/www/html/vendor/cakephp/cakephp/src/Error/ExceptionTrap.php:390
Stack trace:
#0 [internal function]: Cake\Error\ErrorTrap->handleError(256, '[Error] Undefin...', '/var/www/html/v...', 390)
#1 /var/www/html/vendor/cakephp/cakephp/src/Error/ExceptionTrap.php(390): trigger_error('[Error] Undefin...', 256)
#2 /var/www/html/vendor/cakephp/cakephp/src/Error/ExceptionTrap.php(243): Cake\Error\ExceptionTrap->logInternalError(Object(Error))
#3 [internal function]: Cake\Error\ExceptionTrap->handleException(Object(Error))
#4 {main}
  thrown in /var/www/html/vendor/cakephp/cakephp/src/Error/ExceptionTrap.php on line 390
Stack Trace:
- /var/www/html/vendor/cakephp/cakephp/src/Error/ExceptionTrap.php:283
- [internal]:??

2025-08-01 10:38:41 error: [Cake\Core\Exception\MissingPluginException] Plugin Admin could not be found. in /var/www/html/vendor/cakephp/cakephp/src/Core/PluginCollection.php on line 143
Exception Attributes: array (
  'plugin' => 'Admin',
)
Stack Trace:
- /var/www/html/vendor/cakephp/cakephp/src/Core/PluginCollection.php:257
- /var/www/html/vendor/cakephp/cakephp/src/Http/BaseApplication.php:129
- /var/www/html/src/Application.php:60
- /var/www/html/vendor/cakephp/cakephp/src/Http/Server.php:109
- /var/www/html/vendor/cakephp/cakephp/src/Http/Server.php:79
- /var/www/html/webroot/index.php:34

2025-08-01 10:38:43 error: [Cake\Error\FatalErrorException] Fatal Error: Uncaught Cake\Error\FatalErrorException: [Error] Undefined constant "App\Model\Table\LANGUAGE" (/var/www/html/src/Model/Table/LinksTable.php:116) in /var/www/html/vendor/cakephp/cakephp/src/Error/ExceptionTrap.php:390
Stack trace:
#0 [internal function]: Cake\Error\ErrorTrap->handleError(256, '[Error] Undefin...', '/var/www/html/v...', 390)
#1 /var/www/html/vendor/cakephp/cakephp/src/Error/ExceptionTrap.php(390): trigger_error('[Error] Undefin...', 256)
#2 /var/www/html/vendor/cakephp/cakephp/src/Error/ExceptionTrap.php(243): Cake\Error\ExceptionTrap->logInternalError(Object(Error))
#3 [internal function]: Cake\Error\ExceptionTrap->handleException(Object(Error))
#4 {main}
  thrown in /var/www/html/vendor/cakephp/cakephp/src/Error/ExceptionTrap.php on line 390
Stack Trace:
- /var/www/html/vendor/cakephp/cakephp/src/Error/ExceptionTrap.php:283
- [internal]:??

2025-08-01 10:38:48 error: [Cake\Core\Exception\MissingPluginException] Plugin Admin could not be found. in /var/www/html/vendor/cakephp/cakephp/src/Core/PluginCollection.php on line 143
Exception Attributes: array (
  'plugin' => 'Admin',
)
Stack Trace:
- /var/www/html/vendor/cakephp/cakephp/src/Core/PluginCollection.php:257
- /var/www/html/vendor/cakephp/cakephp/src/Http/BaseApplication.php:129
- /var/www/html/src/Application.php:60
- /var/www/html/vendor/cakephp/cakephp/src/Http/Server.php:109
- /var/www/html/vendor/cakephp/cakephp/src/Http/Server.php:79
- /var/www/html/webroot/index.php:34

2025-08-01 10:38:49 error: [Cake\Error\FatalErrorException] Fatal Error: Uncaught Cake\Error\FatalErrorException: [Error] Undefined constant "App\Model\Table\LANGUAGE" (/var/www/html/src/Model/Table/LinksTable.php:116) in /var/www/html/vendor/cakephp/cakephp/src/Error/ExceptionTrap.php:390
Stack trace:
#0 [internal function]: Cake\Error\ErrorTrap->handleError(256, '[Error] Undefin...', '/var/www/html/v...', 390)
#1 /var/www/html/vendor/cakephp/cakephp/src/Error/ExceptionTrap.php(390): trigger_error('[Error] Undefin...', 256)
#2 /var/www/html/vendor/cakephp/cakephp/src/Error/ExceptionTrap.php(243): Cake\Error\ExceptionTrap->logInternalError(Object(Error))
#3 [internal function]: Cake\Error\ExceptionTrap->handleException(Object(Error))
#4 {main}
  thrown in /var/www/html/vendor/cakephp/cakephp/src/Error/ExceptionTrap.php on line 390
Stack Trace:
- /var/www/html/vendor/cakephp/cakephp/src/Error/ExceptionTrap.php:283
- [internal]:??

2025-08-01 10:38:54 error: [Cake\Core\Exception\MissingPluginException] Plugin Admin could not be found. in /var/www/html/vendor/cakephp/cakephp/src/Core/PluginCollection.php on line 143
Exception Attributes: array (
  'plugin' => 'Admin',
)
Stack Trace:
- /var/www/html/vendor/cakephp/cakephp/src/Core/PluginCollection.php:257
- /var/www/html/vendor/cakephp/cakephp/src/Http/BaseApplication.php:129
- /var/www/html/src/Application.php:60
- /var/www/html/vendor/cakephp/cakephp/src/Http/Server.php:109
- /var/www/html/vendor/cakephp/cakephp/src/Http/Server.php:79
- /var/www/html/webroot/index.php:34

2025-08-01 10:38:55 error: [Cake\Error\FatalErrorException] Fatal Error: Uncaught Cake\Error\FatalErrorException: [Cake\View\Exception\MissingTemplateException] Template file `Error/error500.php` could not be found.

The following paths were searched:

- `/var/www/html/templates/Error/error500.php`
- `/var/www/html/vendor/cakephp/cakephp/templates/Error/error500.php`
 (/var/www/html/vendor/cakephp/cakephp/src/View/View.php:1398) in /var/www/html/vendor/cakephp/cakephp/src/Error/ExceptionTrap.php:390
Stack trace:
#0 [internal function]: Cake\Error\ErrorTrap->handleError(256, '[Cake\\View\\Exce...', '/var/www/html/v...', 390)
#1 /var/www/html/vendor/cakephp/cakephp/src/Error/ExceptionTrap.php(390): trigger_error('[Cake\\View\\Exce...', 256)
#2 /var/www/html/vendor/cakephp/cakephp/src/Error/ExceptionTrap.php(243): Cake\Error\ExceptionTrap->logInternalError(Object(Cake\View\Exception\MissingTemplateException))
#3 [internal function]: Cake\Error\ExceptionTrap->handleException(Object(Cake\View\Exception\MissingTemplateException))
#4 {main}
  thrown in /var/www/html/vendor/cakephp/cakephp/src/Error/ExceptionTrap.php on line 390
Stack Trace:
- /var/www/html/vendor/cakephp/cakephp/src/Error/ExceptionTrap.php:283
- [internal]:??

2025-08-01 10:39:05 error: [Cake\Core\Exception\MissingPluginException] Plugin Admin could not be found. in /var/www/html/vendor/cakephp/cakephp/src/Core/PluginCollection.php on line 143
Exception Attributes: array (
  'plugin' => 'Admin',
)
Stack Trace:
- /var/www/html/vendor/cakephp/cakephp/src/Core/PluginCollection.php:257
- /var/www/html/vendor/cakephp/cakephp/src/Http/BaseApplication.php:129
- /var/www/html/src/Application.php:60
- /var/www/html/vendor/cakephp/cakephp/src/Http/Server.php:109
- /var/www/html/vendor/cakephp/cakephp/src/Http/Server.php:79
- /var/www/html/webroot/index.php:34

2025-08-01 10:39:06 error: [Cake\Error\FatalErrorException] Fatal Error: Uncaught Cake\Error\FatalErrorException: [Error] Undefined constant "App\Model\Table\LANGUAGE" (/var/www/html/src/Model/Table/LinksTable.php:116) in /var/www/html/vendor/cakephp/cakephp/src/Error/ExceptionTrap.php:390
Stack trace:
#0 [internal function]: Cake\Error\ErrorTrap->handleError(256, '[Error] Undefin...', '/var/www/html/v...', 390)
#1 /var/www/html/vendor/cakephp/cakephp/src/Error/ExceptionTrap.php(390): trigger_error('[Error] Undefin...', 256)
#2 /var/www/html/vendor/cakephp/cakephp/src/Error/ExceptionTrap.php(243): Cake\Error\ExceptionTrap->logInternalError(Object(Error))
#3 [internal function]: Cake\Error\ExceptionTrap->handleException(Object(Error))
#4 {main}
  thrown in /var/www/html/vendor/cakephp/cakephp/src/Error/ExceptionTrap.php on line 390
Stack Trace:
- /var/www/html/vendor/cakephp/cakephp/src/Error/ExceptionTrap.php:283
- [internal]:??

2025-08-01 10:41:05 error: [Cake\Core\Exception\MissingPluginException] Plugin Admin could not be found. in /var/www/html/vendor/cakephp/cakephp/src/Core/PluginCollection.php on line 143
Exception Attributes: array (
  'plugin' => 'Admin',
)
Stack Trace:
- /var/www/html/vendor/cakephp/cakephp/src/Core/PluginCollection.php:257
- /var/www/html/vendor/cakephp/cakephp/src/Http/BaseApplication.php:129
- /var/www/html/src/Application.php:60
- /var/www/html/vendor/cakephp/cakephp/src/Http/Server.php:109
- /var/www/html/vendor/cakephp/cakephp/src/Http/Server.php:79
- /var/www/html/webroot/index.php:34

2025-08-01 10:41:06 error: [Cake\Error\FatalErrorException] Fatal Error: Uncaught Cake\Error\FatalErrorException: [Cake\View\Exception\MissingTemplateException] Template file `Error/error500.php` could not be found.

The following paths were searched:

- `/var/www/html/templates/Error/error500.php`
- `/var/www/html/vendor/cakephp/cakephp/templates/Error/error500.php`
 (/var/www/html/vendor/cakephp/cakephp/src/View/View.php:1398) in /var/www/html/vendor/cakephp/cakephp/src/Error/ExceptionTrap.php:390
Stack trace:
#0 [internal function]: Cake\Error\ErrorTrap->handleError(256, '[Cake\\View\\Exce...', '/var/www/html/v...', 390)
#1 /var/www/html/vendor/cakephp/cakephp/src/Error/ExceptionTrap.php(390): trigger_error('[Cake\\View\\Exce...', 256)
#2 /var/www/html/vendor/cakephp/cakephp/src/Error/ExceptionTrap.php(243): Cake\Error\ExceptionTrap->logInternalError(Object(Cake\View\Exception\MissingTemplateException))
#3 [internal function]: Cake\Error\ExceptionTrap->handleException(Object(Cake\View\Exception\MissingTemplateException))
#4 {main}
  thrown in /var/www/html/vendor/cakephp/cakephp/src/Error/ExceptionTrap.php on line 390
Stack Trace:
- /var/www/html/vendor/cakephp/cakephp/src/Error/ExceptionTrap.php:283
- [internal]:??

2025-08-01 10:41:38 error: [Cake\Core\Exception\MissingPluginException] Plugin Admin could not be found. in /var/www/html/vendor/cakephp/cakephp/src/Core/PluginCollection.php on line 143
Exception Attributes: array (
  'plugin' => 'Admin',
)
Stack Trace:
- /var/www/html/vendor/cakephp/cakephp/src/Core/PluginCollection.php:257
- /var/www/html/vendor/cakephp/cakephp/src/Http/BaseApplication.php:129
- /var/www/html/src/Application.php:60
- /var/www/html/vendor/cakephp/cakephp/src/Http/Server.php:109
- /var/www/html/vendor/cakephp/cakephp/src/Http/Server.php:79
- /var/www/html/webroot/index.php:34

2025-08-01 10:41:40 error: [Cake\Error\FatalErrorException] Fatal Error: Uncaught Cake\Error\FatalErrorException: [Cake\View\Exception\MissingTemplateException] Template file `Error/error500.php` could not be found.

The following paths were searched:

- `/var/www/html/templates/Error/error500.php`
- `/var/www/html/vendor/cakephp/cakephp/templates/Error/error500.php`
 (/var/www/html/vendor/cakephp/cakephp/src/View/View.php:1398) in /var/www/html/vendor/cakephp/cakephp/src/Error/ExceptionTrap.php:390
Stack trace:
#0 [internal function]: Cake\Error\ErrorTrap->handleError(256, '[Cake\\View\\Exce...', '/var/www/html/v...', 390)
#1 /var/www/html/vendor/cakephp/cakephp/src/Error/ExceptionTrap.php(390): trigger_error('[Cake\\View\\Exce...', 256)
#2 /var/www/html/vendor/cakephp/cakephp/src/Error/ExceptionTrap.php(243): Cake\Error\ExceptionTrap->logInternalError(Object(Cake\View\Exception\MissingTemplateException))
#3 [internal function]: Cake\Error\ExceptionTrap->handleException(Object(Cake\View\Exception\MissingTemplateException))
#4 {main}
  thrown in /var/www/html/vendor/cakephp/cakephp/src/Error/ExceptionTrap.php on line 390
Stack Trace:
- /var/www/html/vendor/cakephp/cakephp/src/Error/ExceptionTrap.php:283
- [internal]:??

2025-08-01 10:42:07 error: [Cake\Core\Exception\MissingPluginException] Plugin Admin could not be found. in /var/www/html/vendor/cakephp/cakephp/src/Core/PluginCollection.php on line 143
Exception Attributes: array (
  'plugin' => 'Admin',
)
Stack Trace:
- /var/www/html/vendor/cakephp/cakephp/src/Core/PluginCollection.php:257
- /var/www/html/vendor/cakephp/cakephp/src/Http/BaseApplication.php:129
- /var/www/html/src/Application.php:60
- /var/www/html/vendor/cakephp/cakephp/src/Http/Server.php:109
- /var/www/html/vendor/cakephp/cakephp/src/Http/Server.php:79
- /var/www/html/webroot/index.php:34

2025-08-01 10:42:08 error: [Cake\Error\FatalErrorException] Fatal Error: Uncaught Cake\Error\FatalErrorException: [Cake\View\Exception\MissingTemplateException] Template file `Error/error500.php` could not be found.

The following paths were searched:

- `/var/www/html/templates/Error/error500.php`
- `/var/www/html/vendor/cakephp/cakephp/templates/Error/error500.php`
 (/var/www/html/vendor/cakephp/cakephp/src/View/View.php:1398) in /var/www/html/vendor/cakephp/cakephp/src/Error/ExceptionTrap.php:390
Stack trace:
#0 [internal function]: Cake\Error\ErrorTrap->handleError(256, '[Cake\\View\\Exce...', '/var/www/html/v...', 390)
#1 /var/www/html/vendor/cakephp/cakephp/src/Error/ExceptionTrap.php(390): trigger_error('[Cake\\View\\Exce...', 256)
#2 /var/www/html/vendor/cakephp/cakephp/src/Error/ExceptionTrap.php(243): Cake\Error\ExceptionTrap->logInternalError(Object(Cake\View\Exception\MissingTemplateException))
#3 [internal function]: Cake\Error\ExceptionTrap->handleException(Object(Cake\View\Exception\MissingTemplateException))
#4 {main}
  thrown in /var/www/html/vendor/cakephp/cakephp/src/Error/ExceptionTrap.php on line 390
Stack Trace:
- /var/www/html/vendor/cakephp/cakephp/src/Error/ExceptionTrap.php:283
- [internal]:??

2025-08-01 10:44:39 error: [Cake\Core\Exception\MissingPluginException] Plugin Admin could not be found. in /var/www/html/vendor/cakephp/cakephp/src/Core/PluginCollection.php on line 143
Exception Attributes: array (
  'plugin' => 'Admin',
)
Stack Trace:
- /var/www/html/vendor/cakephp/cakephp/src/Core/PluginCollection.php:257
- /var/www/html/vendor/cakephp/cakephp/src/Http/BaseApplication.php:129
- /var/www/html/src/Application.php:60
- /var/www/html/vendor/cakephp/cakephp/src/Http/Server.php:109
- /var/www/html/vendor/cakephp/cakephp/src/Http/Server.php:79
- /var/www/html/webroot/index.php:34

2025-08-01 10:44:41 error: [Cake\Error\FatalErrorException] Fatal Error: Uncaught Cake\Error\FatalErrorException: [Cake\View\Exception\MissingTemplateException] Template file `Error/error500.php` could not be found.

The following paths were searched:

- `/var/www/html/templates/Error/error500.php`
- `/var/www/html/vendor/cakephp/cakephp/templates/Error/error500.php`
 (/var/www/html/vendor/cakephp/cakephp/src/View/View.php:1398) in /var/www/html/vendor/cakephp/cakephp/src/Error/ExceptionTrap.php:390
Stack trace:
#0 [internal function]: Cake\Error\ErrorTrap->handleError(256, '[Cake\\View\\Exce...', '/var/www/html/v...', 390)
#1 /var/www/html/vendor/cakephp/cakephp/src/Error/ExceptionTrap.php(390): trigger_error('[Cake\\View\\Exce...', 256)
#2 /var/www/html/vendor/cakephp/cakephp/src/Error/ExceptionTrap.php(243): Cake\Error\ExceptionTrap->logInternalError(Object(Cake\View\Exception\MissingTemplateException))
#3 [internal function]: Cake\Error\ExceptionTrap->handleException(Object(Cake\View\Exception\MissingTemplateException))
#4 {main}
  thrown in /var/www/html/vendor/cakephp/cakephp/src/Error/ExceptionTrap.php on line 390
Stack Trace:
- /var/www/html/vendor/cakephp/cakephp/src/Error/ExceptionTrap.php:283
- [internal]:??

2025-08-01 10:44:45 error: [Cake\Core\Exception\MissingPluginException] Plugin Admin could not be found. in /var/www/html/vendor/cakephp/cakephp/src/Core/PluginCollection.php on line 143
Exception Attributes: array (
  'plugin' => 'Admin',
)
Stack Trace:
- /var/www/html/vendor/cakephp/cakephp/src/Core/PluginCollection.php:257
- /var/www/html/vendor/cakephp/cakephp/src/Http/BaseApplication.php:129
- /var/www/html/src/Application.php:60
- /var/www/html/vendor/cakephp/cakephp/src/Http/Server.php:109
- /var/www/html/vendor/cakephp/cakephp/src/Http/Server.php:79
- /var/www/html/webroot/index.php:34

2025-08-01 10:44:46 error: [Cake\Error\FatalErrorException] Fatal Error: Uncaught Cake\Error\FatalErrorException: [Cake\View\Exception\MissingTemplateException] Template file `Error/error500.php` could not be found.

The following paths were searched:

- `/var/www/html/templates/Error/error500.php`
- `/var/www/html/vendor/cakephp/cakephp/templates/Error/error500.php`
 (/var/www/html/vendor/cakephp/cakephp/src/View/View.php:1398) in /var/www/html/vendor/cakephp/cakephp/src/Error/ExceptionTrap.php:390
Stack trace:
#0 [internal function]: Cake\Error\ErrorTrap->handleError(256, '[Cake\\View\\Exce...', '/var/www/html/v...', 390)
#1 /var/www/html/vendor/cakephp/cakephp/src/Error/ExceptionTrap.php(390): trigger_error('[Cake\\View\\Exce...', 256)
#2 /var/www/html/vendor/cakephp/cakephp/src/Error/ExceptionTrap.php(243): Cake\Error\ExceptionTrap->logInternalError(Object(Cake\View\Exception\MissingTemplateException))
#3 [internal function]: Cake\Error\ExceptionTrap->handleException(Object(Cake\View\Exception\MissingTemplateException))
#4 {main}
  thrown in /var/www/html/vendor/cakephp/cakephp/src/Error/ExceptionTrap.php on line 390
Stack Trace:
- /var/www/html/vendor/cakephp/cakephp/src/Error/ExceptionTrap.php:283
- [internal]:??

2025-08-01 10:44:54 error: [Cake\Core\Exception\MissingPluginException] Plugin Admin could not be found. in /var/www/html/vendor/cakephp/cakephp/src/Core/PluginCollection.php on line 143
Exception Attributes: array (
  'plugin' => 'Admin',
)
Stack Trace:
- /var/www/html/vendor/cakephp/cakephp/src/Core/PluginCollection.php:257
- /var/www/html/vendor/cakephp/cakephp/src/Http/BaseApplication.php:129
- /var/www/html/src/Application.php:60
- /var/www/html/vendor/cakephp/cakephp/src/Http/Server.php:109
- /var/www/html/vendor/cakephp/cakephp/src/Http/Server.php:79
- /var/www/html/webroot/index.php:34

2025-08-01 10:44:55 error: [Cake\Error\FatalErrorException] Fatal Error: Uncaught Cake\Error\FatalErrorException: [Cake\View\Exception\MissingTemplateException] Template file `Error/error500.php` could not be found.

The following paths were searched:

- `/var/www/html/templates/Error/error500.php`
- `/var/www/html/vendor/cakephp/cakephp/templates/Error/error500.php`
 (/var/www/html/vendor/cakephp/cakephp/src/View/View.php:1398) in /var/www/html/vendor/cakephp/cakephp/src/Error/ExceptionTrap.php:390
Stack trace:
#0 [internal function]: Cake\Error\ErrorTrap->handleError(256, '[Cake\\View\\Exce...', '/var/www/html/v...', 390)
#1 /var/www/html/vendor/cakephp/cakephp/src/Error/ExceptionTrap.php(390): trigger_error('[Cake\\View\\Exce...', 256)
#2 /var/www/html/vendor/cakephp/cakephp/src/Error/ExceptionTrap.php(243): Cake\Error\ExceptionTrap->logInternalError(Object(Cake\View\Exception\MissingTemplateException))
#3 [internal function]: Cake\Error\ExceptionTrap->handleException(Object(Cake\View\Exception\MissingTemplateException))
#4 {main}
  thrown in /var/www/html/vendor/cakephp/cakephp/src/Error/ExceptionTrap.php on line 390
Stack Trace:
- /var/www/html/vendor/cakephp/cakephp/src/Error/ExceptionTrap.php:283
- [internal]:??

2025-08-01 10:45:39 error: [Cake\Core\Exception\MissingPluginException] Plugin Admin could not be found. in /var/www/html/vendor/cakephp/cakephp/src/Core/PluginCollection.php on line 143
Exception Attributes: array (
  'plugin' => 'Admin',
)
Stack Trace:
- /var/www/html/vendor/cakephp/cakephp/src/Core/PluginCollection.php:257
- /var/www/html/vendor/cakephp/cakephp/src/Http/BaseApplication.php:129
- /var/www/html/src/Application.php:60
- /var/www/html/vendor/cakephp/cakephp/src/Http/Server.php:109
- /var/www/html/vendor/cakephp/cakephp/src/Http/Server.php:79
- /var/www/html/webroot/index.php:34

2025-08-01 10:45:40 error: [Cake\Error\FatalErrorException] Fatal Error: Uncaught Cake\Error\FatalErrorException: [Cake\View\Exception\MissingTemplateException] Template file `Error/error500.php` could not be found.

The following paths were searched:

- `/var/www/html/templates/Error/error500.php`
- `/var/www/html/vendor/cakephp/cakephp/templates/Error/error500.php`
 (/var/www/html/vendor/cakephp/cakephp/src/View/View.php:1398) in /var/www/html/vendor/cakephp/cakephp/src/Error/ExceptionTrap.php:390
Stack trace:
#0 [internal function]: Cake\Error\ErrorTrap->handleError(256, '[Cake\\View\\Exce...', '/var/www/html/v...', 390)
#1 /var/www/html/vendor/cakephp/cakephp/src/Error/ExceptionTrap.php(390): trigger_error('[Cake\\View\\Exce...', 256)
#2 /var/www/html/vendor/cakephp/cakephp/src/Error/ExceptionTrap.php(243): Cake\Error\ExceptionTrap->logInternalError(Object(Cake\View\Exception\MissingTemplateException))
#3 [internal function]: Cake\Error\ExceptionTrap->handleException(Object(Cake\View\Exception\MissingTemplateException))
#4 {main}
  thrown in /var/www/html/vendor/cakephp/cakephp/src/Error/ExceptionTrap.php on line 390
Stack Trace:
- /var/www/html/vendor/cakephp/cakephp/src/Error/ExceptionTrap.php:283
- [internal]:??

2025-08-01 10:47:49 error: [Cake\Core\Exception\MissingPluginException] Plugin Admin could not be found. in /var/www/html/vendor/cakephp/cakephp/src/Core/PluginCollection.php on line 143
Exception Attributes: array (
  'plugin' => 'Admin',
)
Stack Trace:
- /var/www/html/vendor/cakephp/cakephp/src/Core/PluginCollection.php:257
- /var/www/html/vendor/cakephp/cakephp/src/Http/BaseApplication.php:129
- /var/www/html/src/Application.php:60
- /var/www/html/vendor/cakephp/cakephp/src/Http/Server.php:109
- /var/www/html/vendor/cakephp/cakephp/src/Http/Server.php:79
- /var/www/html/webroot/index.php:34

2025-08-01 10:47:50 error: [Cake\Error\FatalErrorException] Fatal Error: Uncaught Cake\Error\FatalErrorException: [Cake\View\Exception\MissingTemplateException] Template file `Error/error500.php` could not be found.

The following paths were searched:

- `/var/www/html/templates/Error/error500.php`
- `/var/www/html/vendor/cakephp/cakephp/templates/Error/error500.php`
 (/var/www/html/vendor/cakephp/cakephp/src/View/View.php:1398) in /var/www/html/vendor/cakephp/cakephp/src/Error/ExceptionTrap.php:390
Stack trace:
#0 [internal function]: Cake\Error\ErrorTrap->handleError(256, '[Cake\\View\\Exce...', '/var/www/html/v...', 390)
#1 /var/www/html/vendor/cakephp/cakephp/src/Error/ExceptionTrap.php(390): trigger_error('[Cake\\View\\Exce...', 256)
#2 /var/www/html/vendor/cakephp/cakephp/src/Error/ExceptionTrap.php(243): Cake\Error\ExceptionTrap->logInternalError(Object(Cake\View\Exception\MissingTemplateException))
#3 [internal function]: Cake\Error\ExceptionTrap->handleException(Object(Cake\View\Exception\MissingTemplateException))
#4 {main}
  thrown in /var/www/html/vendor/cakephp/cakephp/src/Error/ExceptionTrap.php on line 390
Stack Trace:
- /var/www/html/vendor/cakephp/cakephp/src/Error/ExceptionTrap.php:283
- [internal]:??

2025-08-01 11:02:53 error: [Cake\Core\Exception\MissingPluginException] Plugin Admin could not be found. in /var/www/html/vendor/cakephp/cakephp/src/Core/PluginCollection.php on line 143
Exception Attributes: array (
  'plugin' => 'Admin',
)
Stack Trace:
- /var/www/html/vendor/cakephp/cakephp/src/Core/PluginCollection.php:257
- /var/www/html/vendor/cakephp/cakephp/src/Http/BaseApplication.php:129
- /var/www/html/src/Application.php:60
- /var/www/html/vendor/cakephp/cakephp/src/Http/Server.php:109
- /var/www/html/vendor/cakephp/cakephp/src/Http/Server.php:79
- /var/www/html/webroot/index.php:34

2025-08-01 11:02:59 error: [Cake\Error\FatalErrorException] Fatal Error: Uncaught Cake\Error\FatalErrorException: [Cake\View\Exception\MissingTemplateException] Template file `Error/error500.php` could not be found.

The following paths were searched:

- `/var/www/html/templates/Error/error500.php`
- `/var/www/html/vendor/cakephp/cakephp/templates/Error/error500.php`
 (/var/www/html/vendor/cakephp/cakephp/src/View/View.php:1398) in /var/www/html/vendor/cakephp/cakephp/src/Error/ExceptionTrap.php:390
Stack trace:
#0 [internal function]: Cake\Error\ErrorTrap->handleError(256, '[Cake\\View\\Exce...', '/var/www/html/v...', 390)
#1 /var/www/html/vendor/cakephp/cakephp/src/Error/ExceptionTrap.php(390): trigger_error('[Cake\\View\\Exce...', 256)
#2 /var/www/html/vendor/cakephp/cakephp/src/Error/ExceptionTrap.php(243): Cake\Error\ExceptionTrap->logInternalError(Object(Cake\View\Exception\MissingTemplateException))
#3 [internal function]: Cake\Error\ExceptionTrap->handleException(Object(Cake\View\Exception\MissingTemplateException))
#4 {main}
  thrown in /var/www/html/vendor/cakephp/cakephp/src/Error/ExceptionTrap.php on line 390
Stack Trace:
- /var/www/html/vendor/cakephp/cakephp/src/Error/ExceptionTrap.php:283
- [internal]:??

2025-08-01 11:23:43 error: [Cake\Core\Exception\MissingPluginException] Plugin Admin could not be found. in /var/www/html/vendor/cakephp/cakephp/src/Core/PluginCollection.php on line 143
Exception Attributes: array (
  'plugin' => 'Admin',
)
Stack Trace:
- /var/www/html/vendor/cakephp/cakephp/src/Core/PluginCollection.php:257
- /var/www/html/vendor/cakephp/cakephp/src/Http/BaseApplication.php:129
- /var/www/html/src/Application.php:60
- /var/www/html/vendor/cakephp/cakephp/src/Http/Server.php:109
- /var/www/html/vendor/cakephp/cakephp/src/Http/Server.php:79
- /var/www/html/webroot/index.php:34

2025-08-01 11:23:44 error: [Cake\Error\FatalErrorException] Fatal Error: Uncaught Cake\Error\FatalErrorException: [Cake\View\Exception\MissingTemplateException] Template file `Error/error500.php` could not be found.

The following paths were searched:

- `/var/www/html/templates/Error/error500.php`
- `/var/www/html/vendor/cakephp/cakephp/templates/Error/error500.php`
 (/var/www/html/vendor/cakephp/cakephp/src/View/View.php:1398) in /var/www/html/vendor/cakephp/cakephp/src/Error/ExceptionTrap.php:390
Stack trace:
#0 [internal function]: Cake\Error\ErrorTrap->handleError(256, '[Cake\\View\\Exce...', '/var/www/html/v...', 390)
#1 /var/www/html/vendor/cakephp/cakephp/src/Error/ExceptionTrap.php(390): trigger_error('[Cake\\View\\Exce...', 256)
#2 /var/www/html/vendor/cakephp/cakephp/src/Error/ExceptionTrap.php(243): Cake\Error\ExceptionTrap->logInternalError(Object(Cake\View\Exception\MissingTemplateException))
#3 [internal function]: Cake\Error\ExceptionTrap->handleException(Object(Cake\View\Exception\MissingTemplateException))
#4 {main}
  thrown in /var/www/html/vendor/cakephp/cakephp/src/Error/ExceptionTrap.php on line 390
Stack Trace:
- /var/www/html/vendor/cakephp/cakephp/src/Error/ExceptionTrap.php:283
- [internal]:??

2025-08-01 11:26:55 error: [Cake\Core\Exception\MissingPluginException] Plugin Admin could not be found. in /var/www/html/vendor/cakephp/cakephp/src/Core/PluginCollection.php on line 143
Exception Attributes: array (
  'plugin' => 'Admin',
)
Stack Trace:
- /var/www/html/vendor/cakephp/cakephp/src/Core/PluginCollection.php:257
- /var/www/html/vendor/cakephp/cakephp/src/Http/BaseApplication.php:129
- /var/www/html/src/Application.php:60
- /var/www/html/vendor/cakephp/cakephp/src/Http/Server.php:109
- /var/www/html/vendor/cakephp/cakephp/src/Http/Server.php:79
- /var/www/html/webroot/index.php:34

2025-08-01 11:26:57 error: [Cake\Error\FatalErrorException] Fatal Error: Uncaught Cake\Error\FatalErrorException: [Cake\View\Exception\MissingTemplateException] Template file `Error/error500.php` could not be found.

The following paths were searched:

- `/var/www/html/templates/Error/error500.php`
- `/var/www/html/vendor/cakephp/cakephp/templates/Error/error500.php`
 (/var/www/html/vendor/cakephp/cakephp/src/View/View.php:1398) in /var/www/html/vendor/cakephp/cakephp/src/Error/ExceptionTrap.php:390
Stack trace:
#0 [internal function]: Cake\Error\ErrorTrap->handleError(256, '[Cake\\View\\Exce...', '/var/www/html/v...', 390)
#1 /var/www/html/vendor/cakephp/cakephp/src/Error/ExceptionTrap.php(390): trigger_error('[Cake\\View\\Exce...', 256)
#2 /var/www/html/vendor/cakephp/cakephp/src/Error/ExceptionTrap.php(243): Cake\Error\ExceptionTrap->logInternalError(Object(Cake\View\Exception\MissingTemplateException))
#3 [internal function]: Cake\Error\ExceptionTrap->handleException(Object(Cake\View\Exception\MissingTemplateException))
#4 {main}
  thrown in /var/www/html/vendor/cakephp/cakephp/src/Error/ExceptionTrap.php on line 390
Stack Trace:
- /var/www/html/vendor/cakephp/cakephp/src/Error/ExceptionTrap.php:283
- [internal]:??

2025-08-01 11:30:36 error: [Cake\Core\Exception\MissingPluginException] Plugin Admin could not be found. in /var/www/html/vendor/cakephp/cakephp/src/Core/PluginCollection.php on line 143
Exception Attributes: array (
  'plugin' => 'Admin',
)
Stack Trace:
- /var/www/html/vendor/cakephp/cakephp/src/Core/PluginCollection.php:257
- /var/www/html/vendor/cakephp/cakephp/src/Http/BaseApplication.php:129
- /var/www/html/src/Application.php:60
- /var/www/html/vendor/cakephp/cakephp/src/Http/Server.php:109
- /var/www/html/vendor/cakephp/cakephp/src/Http/Server.php:79
- /var/www/html/webroot/index.php:34

2025-08-01 11:30:38 error: [Cake\Error\FatalErrorException] Fatal Error: Uncaught Cake\Error\FatalErrorException: [Cake\View\Exception\MissingTemplateException] Template file `Error/error500.php` could not be found.

The following paths were searched:

- `/var/www/html/templates/Error/error500.php`
- `/var/www/html/vendor/cakephp/cakephp/templates/Error/error500.php`
 (/var/www/html/vendor/cakephp/cakephp/src/View/View.php:1398) in /var/www/html/vendor/cakephp/cakephp/src/Error/ExceptionTrap.php:390
Stack trace:
#0 [internal function]: Cake\Error\ErrorTrap->handleError(256, '[Cake\\View\\Exce...', '/var/www/html/v...', 390)
#1 /var/www/html/vendor/cakephp/cakephp/src/Error/ExceptionTrap.php(390): trigger_error('[Cake\\View\\Exce...', 256)
#2 /var/www/html/vendor/cakephp/cakephp/src/Error/ExceptionTrap.php(243): Cake\Error\ExceptionTrap->logInternalError(Object(Cake\View\Exception\MissingTemplateException))
#3 [internal function]: Cake\Error\ExceptionTrap->handleException(Object(Cake\View\Exception\MissingTemplateException))
#4 {main}
  thrown in /var/www/html/vendor/cakephp/cakephp/src/Error/ExceptionTrap.php on line 390
Stack Trace:
- /var/www/html/vendor/cakephp/cakephp/src/Error/ExceptionTrap.php:283
- [internal]:??

2025-08-01 11:34:52 error: [Cake\Core\Exception\MissingPluginException] Plugin Admin could not be found. in /var/www/html/vendor/cakephp/cakephp/src/Core/PluginCollection.php on line 143
Exception Attributes: array (
  'plugin' => 'Admin',
)
Stack Trace:
- /var/www/html/vendor/cakephp/cakephp/src/Core/PluginCollection.php:257
- /var/www/html/vendor/cakephp/cakephp/src/Http/BaseApplication.php:129
- /var/www/html/src/Application.php:60
- /var/www/html/vendor/cakephp/cakephp/src/Http/Server.php:109
- /var/www/html/vendor/cakephp/cakephp/src/Http/Server.php:79
- /var/www/html/webroot/index.php:34

2025-08-01 11:34:53 error: [Cake\Error\FatalErrorException] Fatal Error: Uncaught Cake\Error\FatalErrorException: [Cake\View\Exception\MissingTemplateException] Template file `Error/error500.php` could not be found.

The following paths were searched:

- `/var/www/html/templates/Error/error500.php`
- `/var/www/html/vendor/cakephp/cakephp/templates/Error/error500.php`
 (/var/www/html/vendor/cakephp/cakephp/src/View/View.php:1398) in /var/www/html/vendor/cakephp/cakephp/src/Error/ExceptionTrap.php:390
Stack trace:
#0 [internal function]: Cake\Error\ErrorTrap->handleError(256, '[Cake\\View\\Exce...', '/var/www/html/v...', 390)
#1 /var/www/html/vendor/cakephp/cakephp/src/Error/ExceptionTrap.php(390): trigger_error('[Cake\\View\\Exce...', 256)
#2 /var/www/html/vendor/cakephp/cakephp/src/Error/ExceptionTrap.php(243): Cake\Error\ExceptionTrap->logInternalError(Object(Cake\View\Exception\MissingTemplateException))
#3 [internal function]: Cake\Error\ExceptionTrap->handleException(Object(Cake\View\Exception\MissingTemplateException))
#4 {main}
  thrown in /var/www/html/vendor/cakephp/cakephp/src/Error/ExceptionTrap.php on line 390
Stack Trace:
- /var/www/html/vendor/cakephp/cakephp/src/Error/ExceptionTrap.php:283
- [internal]:??

2025-08-01 11:40:10 error: [Cake\Core\Exception\MissingPluginException] Plugin Admin could not be found. in /var/www/html/vendor/cakephp/cakephp/src/Core/PluginCollection.php on line 143
Exception Attributes: array (
  'plugin' => 'Admin',
)
Stack Trace:
- /var/www/html/vendor/cakephp/cakephp/src/Core/PluginCollection.php:257
- /var/www/html/vendor/cakephp/cakephp/src/Http/BaseApplication.php:129
- /var/www/html/src/Application.php:60
- /var/www/html/vendor/cakephp/cakephp/src/Http/Server.php:109
- /var/www/html/vendor/cakephp/cakephp/src/Http/Server.php:79
- /var/www/html/webroot/index.php:34

2025-08-01 11:40:11 error: [Cake\Error\FatalErrorException] Fatal Error: Uncaught Cake\Error\FatalErrorException: [Cake\View\Exception\MissingTemplateException] Template file `Error/error500.php` could not be found.

The following paths were searched:

- `/var/www/html/templates/Error/error500.php`
- `/var/www/html/vendor/cakephp/cakephp/templates/Error/error500.php`
 (/var/www/html/vendor/cakephp/cakephp/src/View/View.php:1398) in /var/www/html/vendor/cakephp/cakephp/src/Error/ExceptionTrap.php:390
Stack trace:
#0 [internal function]: Cake\Error\ErrorTrap->handleError(256, '[Cake\\View\\Exce...', '/var/www/html/v...', 390)
#1 /var/www/html/vendor/cakephp/cakephp/src/Error/ExceptionTrap.php(390): trigger_error('[Cake\\View\\Exce...', 256)
#2 /var/www/html/vendor/cakephp/cakephp/src/Error/ExceptionTrap.php(243): Cake\Error\ExceptionTrap->logInternalError(Object(Cake\View\Exception\MissingTemplateException))
#3 [internal function]: Cake\Error\ExceptionTrap->handleException(Object(Cake\View\Exception\MissingTemplateException))
#4 {main}
  thrown in /var/www/html/vendor/cakephp/cakephp/src/Error/ExceptionTrap.php on line 390
Stack Trace:
- /var/www/html/vendor/cakephp/cakephp/src/Error/ExceptionTrap.php:283
- [internal]:??

